<?xml version="1.0" encoding="UTF-8"?>
<!-- Generated by org.testng.reporters.JUnitReportReporter -->
<testsuite hostname="LAPTOP-9BUELUHA" failures="0" tests="6" name="Countries.Country1" time="0.003" errors="0" timestamp="2024-06-09T10:27:13 IST" skipped="0">
  <testcase classname="Countries.Country1" name="SK" time="0.001"/>
  <testcase classname="Countries.Country1" name="BE" time="0.000"/>
  <testcase classname="Countries.Country1" name="GE" time="0.000"/>
  <testcase classname="Countries.Country1" name="gh" time="0.000"/>
  <testcase classname="Countries.Country1" name="sp" time="0.001"/>
  <testcase classname="Countries.Country1" name="co" time="0.001"/>
</testsuite> <!-- Countries.Country1 -->
