<?xml version="1.0" encoding="UTF-8"?>
<!-- Generated by org.testng.reporters.JUnitReportReporter -->
<testsuite hostname="LAPTOP-9BUELUHA" failures="0" tests="1" name="DatePickerPack.CurrentDate" time="12.497" errors="0" timestamp="2024-06-10T13:16:14 IST" skipped="0">
  <testcase classname="DatePickerPack.CurrentDate" name="f" time="12.497"/>
</testsuite> <!-- DatePickerPack.CurrentDate -->
