<?xml version="1.0" encoding="UTF-8"?>
<!-- Generated by org.testng.reporters.JUnitReportReporter -->
<testsuite hostname="LAPTOP-9BUELUHA" failures="0" tests="7" name="Countries.Country3" time="0.008" errors="0" timestamp="2024-06-09T10:27:13 IST" skipped="0">
  <testcase classname="Countries.Country3" name="cur" time="0.002"/>
  <testcase classname="Countries.Country3" name="UAE" time="0.001"/>
  <testcase classname="Countries.Country3" name="Va" time="0.001"/>
  <testcase classname="Countries.Country3" name="Sn" time="0.001"/>
  <testcase classname="Countries.Country3" name="Ar" time="0.001"/>
  <testcase classname="Countries.Country3" name="IL" time="0.001"/>
  <testcase classname="Countries.Country3" name="Bh" time="0.001"/>
</testsuite> <!-- Countries.Country3 -->
