<?xml version="1.0" encoding="UTF-8"?>
<!-- Generated by org.testng.reporters.JUnitReportReporter -->
<testsuite hostname="LAPTOP-9BUELUHA" failures="0" tests="7" name="Countries.Country2" time="0.020" errors="0" timestamp="2024-06-09T10:27:13 IST" skipped="0">
  <testcase classname="Countries.Country2" name="pa" time="0.001"/>
  <testcase classname="Countries.Country2" name="ja" time="0.001"/>
  <testcase classname="Countries.Country2" name="fi" time="0.002"/>
  <testcase classname="Countries.Country2" name="Kuw" time="0.002"/>
  <testcase classname="Countries.Country2" name="to" time="0.001"/>
  <testcase classname="Countries.Country2" name="Om" time="0.002"/>
  <testcase classname="Countries.Country2" name="Is" time="0.011"/>
</testsuite> <!-- Countries.Country2 -->
